2022-01-05 08:13:38.988 | DEBUG    | __main__:<module>:13 - Trying to load 8.4.300_rc15.hbk
2022-01-05 08:13:38.988 | INFO     | __main__:<module>:48 - Loaded 8.4.300_rc15.hbk, file size = 67360 bytes, addresses = 101
2022-01-05 08:13:39.041 | INFO     | __main__:<module>:131 - #0, name='Signature in exif', address='00212F96', length=32, default_value.hex().upper()='3431343737353630330000000000000000000000000000000000000000000000', arm_type='HEXSTRING'
2022-01-05 08:13:39.042 | INFO     | __main__:<module>:131 - #1, name='Compiled', address='002137F6', length=20, default_value.hex().upper()='446563203720323032312031313A31313A313400', arm_type='HEXSTRING'
2022-01-05 08:13:39.043 | INFO     | __main__:<module>:131 - #2, name='Version', address='00213E16', length=48, default_value.hex().upper()='455F382E342E4652555F676F6F676C655F63616D6572612D616E64726F69645F32303231313030312E30305F52433138', arm_type='HEXSTRING'
2022-01-05 08:13:39.062 | INFO     | __main__:<module>:131 - #3, name='Zipper2', address='00364868', length=4, default_value.hex().upper()='00008041', arm_type='FLT'
2022-01-05 08:13:39.063 | INFO     | __main__:<module>:131 - #4, name='Coef Spatial', address='00364868', length=8, default_value.hex().upper()='000080410000C03F', arm_type='DBL'
2022-01-05 08:13:39.065 | INFO     | __main__:<module>:131 - #5, name='Zipper3', address='0036486C', length=4, default_value.hex().upper()='0000C03F', arm_type='FLT'
2022-01-05 08:13:39.066 | INFO     | __main__:<module>:131 - #6, name='Contrast Black', address='003654E4', length=4, default_value.hex().upper()='0000803F', arm_type='FLT'
2022-01-05 08:13:39.067 | INFO     | __main__:<module>:131 - #7, name='CF1 Green', address='003655D8', length=4, default_value.hex().upper()='3333933F', arm_type='FLT'
2022-01-05 08:13:39.069 | INFO     | __main__:<module>:131 - #8, name='CF2 Red', address='003655DC', length=4, default_value.hex().upper()='0000803F', arm_type='FLT'
2022-01-05 08:13:39.070 | INFO     | __main__:<module>:131 - #9, name='Contrast2', address='00365AF0', length=8, default_value.hex().upper()='000000C04517DD3F', arm_type='DBL'
2022-01-05 08:13:39.071 | INFO     | __main__:<module>:131 - #10, name='Tuning ColorSatParams 1', address='00366188', length=4, default_value.hex().upper()='0000803F', arm_type='FLT'
2022-01-05 08:13:39.073 | INFO     | __main__:<module>:131 - #11, name='Tuning ColorSatParams 2', address='0036618C', length=4, default_value.hex().upper()='8FC2D53F', arm_type='FLT'
2022-01-05 08:13:39.084 | INFO     | __main__:<module>:131 - #12, name='Smoothing the sabre', address='00AF95B0', length=4, default_value.hex().upper()='3333B33F', arm_type='FLT'
2022-01-05 08:13:39.086 | INFO     | __main__:<module>:131 - #13, name='Sharp mini', address='00AF95BC', length=4, default_value.hex().upper()='6666A640', arm_type='FLT'
2022-01-05 08:13:39.101 | INFO     | __main__:<module>:131 - #14, name='Smoothing new', address='00AF95C0', length=4, default_value.hex().upper()='17B75139', arm_type='ARMMANUAL'
2022-01-05 08:13:39.103 | INFO     | __main__:<module>:131 - #15, name='Sabre sharp', address='00AF95C8', length=4, default_value.hex().upper()='66660640', arm_type='FLT'
2022-01-05 08:13:39.105 | INFO     | __main__:<module>:131 - #16, name='Sharp macro', address='00AF95D4', length=4, default_value.hex().upper()='3333B33F', arm_type='FLT'
2022-01-05 08:13:39.107 | INFO     | __main__:<module>:131 - #17, name='Wavelet Luma Denoise Sabre Levels', address='00AFCBC3', length=269, default_value.hex().upper()='9A99993F15CDCC4C3E1D1093243F0A0F0D3333333F15CDCCCC3D1DD08A203F0A0F0D836FCD3E15CDCCCC3D1D54EEF13E0A0F0DE0790E3F15CDCCCC3D1D93D7B93E0A0A0D9142C23E1DAF3C9F3D000000000000000000000000000000000A0F0D9A99993F159A99193E1DAE50223F0A0F0DCDCC8C3F15CDCCCC3D1D95806D3E0A0F0D9A99993F150AD7A33D1D09997A3E0A0F0DCDCC8C3F158FC2F53D1D0E06743E0A0A0D0000803F1D68CEB13E000000000000000000000000000000000A0F0D9A99993F159A99193E1D14FA003F0A0F0D0000803F15CDCCCC3D1D49CCBD3E0A0F0D0000803F15CDCCCC3D1D37E0A43E0A0F0D3333333F15295C0F3E1D7B0A023F0A0A0DCDCCCC3D1DD1FF143F', arm_type='HEXSTRING'
2022-01-05 08:13:39.109 | INFO     | __main__:<module>:131 - #18, name='Spatial denoise micro 1', address='00AFE654', length=4, default_value.hex().upper()='0000A040', arm_type='FLT'
2022-01-05 08:13:39.111 | INFO     | __main__:<module>:131 - #19, name='Spatial denoise micro 2', address='00AFE658', length=4, default_value.hex().upper()='CDCC4C3F', arm_type='FLT'
2022-01-05 08:13:39.113 | INFO     | __main__:<module>:131 - #20, name='Spatial denoise micro 3', address='00AFE65C', length=4, default_value.hex().upper()='0000A041', arm_type='FLT'
2022-01-05 08:13:39.115 | INFO     | __main__:<module>:131 - #21, name='Spatial denoise micro 4', address='00AFE660', length=4, default_value.hex().upper()='6666663F', arm_type='FLT'
2022-01-05 08:13:39.116 | INFO     | __main__:<module>:91 - Sect is an array of 7 values
2022-01-05 08:13:39.117 | DEBUG    | __main__:<module>:99 - array_address='00B00638', read_value.hex().upper()='0000000000000000'
2022-01-05 08:13:39.118 | INFO     | __main__:<module>:115 - #0, name='Sect', array_address='00B00638', length=8, read_value.hex().upper()='0000000000000000', arm_type='DBL'
2022-01-05 08:13:39.118 | DEBUG    | __main__:<module>:99 - array_address='00B00640', read_value.hex().upper()='A167B3EA73B5C53F'
2022-01-05 08:13:39.119 | INFO     | __main__:<module>:115 - #1, name='Sect', array_address='00B00640', length=8, read_value.hex().upper()='A167B3EA73B5C53F', arm_type='DBL'
2022-01-05 08:13:39.120 | DEBUG    | __main__:<module>:99 - array_address='00B00648', read_value.hex().upper()='A167B3EA73B5D53F'
2022-01-05 08:13:39.120 | INFO     | __main__:<module>:115 - #2, name='Sect', array_address='00B00648', length=8, read_value.hex().upper()='A167B3EA73B5D53F', arm_type='DBL'
2022-01-05 08:13:39.121 | DEBUG    | __main__:<module>:99 - array_address='00B00650', read_value.hex().upper()='9BE61DA7E848E03F'
2022-01-05 08:13:39.122 | INFO     | __main__:<module>:115 - #3, name='Sect', array_address='00B00650', length=8, read_value.hex().upper()='9BE61DA7E848E03F', arm_type='DBL'
2022-01-05 08:13:39.123 | DEBUG    | __main__:<module>:99 - array_address='00B00658', read_value.hex().upper()='83C0CAA145B6E53F'
2022-01-05 08:13:39.124 | INFO     | __main__:<module>:115 - #4, name='Sect', array_address='00B00658', length=8, read_value.hex().upper()='83C0CAA145B6E53F', arm_type='DBL'
2022-01-05 08:13:39.124 | DEBUG    | __main__:<module>:99 - array_address='00B00660', read_value.hex().upper()='AE47E17A14AEEB3F'
2022-01-05 08:13:39.125 | INFO     | __main__:<module>:115 - #5, name='Sect', array_address='00B00660', length=8, read_value.hex().upper()='AE47E17A14AEEB3F', arm_type='DBL'
2022-01-05 08:13:39.126 | DEBUG    | __main__:<module>:99 - array_address='00B00668', read_value.hex().upper()='000000000000F03F'
2022-01-05 08:13:39.127 | INFO     | __main__:<module>:115 - #6, name='Sect', array_address='00B00668', length=8, read_value.hex().upper()='000000000000F03F', arm_type='DBL'
2022-01-05 08:13:39.128 | INFO     | __main__:<module>:91 - Tone is an array of 17 values
2022-01-05 08:13:39.128 | DEBUG    | __main__:<module>:99 - array_address='00B00670', read_value.hex().upper()='0000000000000000'
2022-01-05 08:13:39.129 | INFO     | __main__:<module>:115 - #0, name='Tone', array_address='00B00670', length=8, read_value.hex().upper()='0000000000000000', arm_type='DBL'
2022-01-05 08:13:39.130 | DEBUG    | __main__:<module>:99 - array_address='00B00678', read_value.hex().upper()='39B4C876BE9F8A3F'
2022-01-05 08:13:39.130 | INFO     | __main__:<module>:115 - #1, name='Tone', array_address='00B00678', length=8, read_value.hex().upper()='39B4C876BE9F8A3F', arm_type='DBL'
2022-01-05 08:13:39.131 | DEBUG    | __main__:<module>:99 - array_address='00B00680', read_value.hex().upper()='295C8FC2F528AC3F'
2022-01-05 08:13:39.132 | INFO     | __main__:<module>:115 - #2, name='Tone', array_address='00B00680', length=8, read_value.hex().upper()='295C8FC2F528AC3F', arm_type='DBL'
2022-01-05 08:13:39.132 | DEBUG    | __main__:<module>:99 - array_address='00B00688', read_value.hex().upper()='C976BE9F1A2FBD3F'
2022-01-05 08:13:39.133 | INFO     | __main__:<module>:115 - #3, name='Tone', array_address='00B00688', length=8, read_value.hex().upper()='C976BE9F1A2FBD3F', arm_type='DBL'
2022-01-05 08:13:39.134 | DEBUG    | __main__:<module>:99 - array_address='00B00690', read_value.hex().upper()='5A643BDF4F8DC73F'
2022-01-05 08:13:39.135 | INFO     | __main__:<module>:115 - #4, name='Tone', array_address='00B00690', length=8, read_value.hex().upper()='5A643BDF4F8DC73F', arm_type='DBL'
2022-01-05 08:13:39.135 | DEBUG    | __main__:<module>:99 - array_address='00B00698', read_value.hex().upper()='A245B6F3FDD4D03F'
2022-01-05 08:13:39.136 | INFO     | __main__:<module>:115 - #5, name='Tone', array_address='00B00698', length=8, read_value.hex().upper()='A245B6F3FDD4D03F', arm_type='DBL'
2022-01-05 08:13:39.137 | DEBUG    | __main__:<module>:99 - array_address='00B006A0', read_value.hex().upper()='1283C0CAA145D63F'
2022-01-05 08:13:39.137 | INFO     | __main__:<module>:115 - #6, name='Tone', array_address='00B006A0', length=8, read_value.hex().upper()='1283C0CAA145D63F', arm_type='DBL'
2022-01-05 08:13:39.138 | DEBUG    | __main__:<module>:99 - array_address='00B006A8', read_value.hex().upper()='2DB29DEFA7C6DB3F'
2022-01-05 08:13:39.139 | INFO     | __main__:<module>:115 - #7, name='Tone', array_address='00B006A8', length=8, read_value.hex().upper()='2DB29DEFA7C6DB3F', arm_type='DBL'
2022-01-05 08:13:39.139 | DEBUG    | __main__:<module>:99 - array_address='00B006B0', read_value.hex().upper()='CFF753E3A59BE03F'
2022-01-05 08:13:39.140 | INFO     | __main__:<module>:115 - #8, name='Tone', array_address='00B006B0', length=8, read_value.hex().upper()='CFF753E3A59BE03F', arm_type='DBL'
2022-01-05 08:13:39.141 | DEBUG    | __main__:<module>:99 - array_address='00B006B8', read_value.hex().upper()='08AC1C5A643BE33F'
2022-01-05 08:13:39.141 | INFO     | __main__:<module>:115 - #9, name='Tone', array_address='00B006B8', length=8, read_value.hex().upper()='08AC1C5A643BE33F', arm_type='DBL'
2022-01-05 08:13:39.142 | DEBUG    | __main__:<module>:99 - array_address='00B006C0', read_value.hex().upper()='1904560E2DB2E53F'
2022-01-05 08:13:39.142 | INFO     | __main__:<module>:115 - #10, name='Tone', array_address='00B006C0', length=8, read_value.hex().upper()='1904560E2DB2E53F', arm_type='DBL'
2022-01-05 08:13:39.143 | DEBUG    | __main__:<module>:99 - array_address='00B006C8', read_value.hex().upper()='D578E9263108E83F'
2022-01-05 08:13:39.143 | INFO     | __main__:<module>:115 - #11, name='Tone', array_address='00B006C8', length=8, read_value.hex().upper()='D578E9263108E83F', arm_type='DBL'
2022-01-05 08:13:39.144 | DEBUG    | __main__:<module>:99 - array_address='00B006D0', read_value.hex().upper()='E9263108AC1CEA3F'
2022-01-05 08:13:39.145 | INFO     | __main__:<module>:115 - #12, name='Tone', array_address='00B006D0', length=8, read_value.hex().upper()='E9263108AC1CEA3F', arm_type='DBL'
2022-01-05 08:13:39.145 | DEBUG    | __main__:<module>:99 - array_address='00B006D8', read_value.hex().upper()='000000000000EC3F'
2022-01-05 08:13:39.146 | INFO     | __main__:<module>:115 - #13, name='Tone', array_address='00B006D8', length=8, read_value.hex().upper()='000000000000EC3F', arm_type='DBL'
2022-01-05 08:13:39.147 | DEBUG    | __main__:<module>:99 - array_address='00B006E0', read_value.hex().upper()='6F1283C0CAA1ED3F'
2022-01-05 08:13:39.147 | INFO     | __main__:<module>:115 - #14, name='Tone', array_address='00B006E0', length=8, read_value.hex().upper()='6F1283C0CAA1ED3F', arm_type='DBL'
2022-01-05 08:13:39.148 | DEBUG    | __main__:<module>:99 - array_address='00B006E8', read_value.hex().upper()='355EBA490C02EF3F'
2022-01-05 08:13:39.149 | INFO     | __main__:<module>:115 - #15, name='Tone', array_address='00B006E8', length=8, read_value.hex().upper()='355EBA490C02EF3F', arm_type='DBL'
2022-01-05 08:13:39.150 | DEBUG    | __main__:<module>:99 - array_address='00B006F0', read_value.hex().upper()='000000000000F03F'
2022-01-05 08:13:39.150 | INFO     | __main__:<module>:115 - #16, name='Tone', array_address='00B006F0', length=8, read_value.hex().upper()='000000000000F03F', arm_type='DBL'
2022-01-05 08:13:39.151 | INFO     | __main__:<module>:91 - Gamma is an array of 33 values
2022-01-05 08:13:39.152 | DEBUG    | __main__:<module>:99 - array_address='00B006F8', read_value.hex().upper()='0000000000000000'
2022-01-05 08:13:39.152 | INFO     | __main__:<module>:115 - #0, name='Gamma', array_address='00B006F8', length=8, read_value.hex().upper()='0000000000000000', arm_type='DBL'
2022-01-05 08:13:39.153 | DEBUG    | __main__:<module>:99 - array_address='00B00700', read_value.hex().upper()='37548CF337A1703F'
2022-01-05 08:13:39.154 | INFO     | __main__:<module>:115 - #1, name='Gamma', array_address='00B00700', length=8, read_value.hex().upper()='37548CF337A1703F', arm_type='DBL'
2022-01-05 08:13:39.154 | DEBUG    | __main__:<module>:99 - array_address='00B00708', read_value.hex().upper()='51888043A852933F'
2022-01-05 08:13:39.155 | INFO     | __main__:<module>:115 - #2, name='Gamma', array_address='00B00708', length=8, read_value.hex().upper()='51888043A852933F', arm_type='DBL'
2022-01-05 08:13:39.156 | DEBUG    | __main__:<module>:99 - array_address='00B00710', read_value.hex().upper()='459E245D33F9A63F'
2022-01-05 08:13:39.156 | INFO     | __main__:<module>:115 - #3, name='Gamma', array_address='00B00710', length=8, read_value.hex().upper()='459E245D33F9A63F', arm_type='DBL'
2022-01-05 08:13:39.157 | DEBUG    | __main__:<module>:99 - array_address='00B00718', read_value.hex().upper()='44FAEDEBC039B33F'
2022-01-05 08:13:39.158 | INFO     | __main__:<module>:115 - #4, name='Gamma', array_address='00B00718', length=8, read_value.hex().upper()='44FAEDEBC039B33F', arm_type='DBL'
2022-01-05 08:13:39.159 | DEBUG    | __main__:<module>:99 - array_address='00B00720', read_value.hex().upper()='3108AC1C5A64BB3F'
2022-01-05 08:13:39.159 | INFO     | __main__:<module>:115 - #5, name='Gamma', array_address='00B00720', length=8, read_value.hex().upper()='3108AC1C5A64BB3F', arm_type='DBL'
2022-01-05 08:13:39.160 | DEBUG    | __main__:<module>:99 - array_address='00B00728', read_value.hex().upper()='5227A089B0E1C13F'
2022-01-05 08:13:39.160 | INFO     | __main__:<module>:115 - #6, name='Gamma', array_address='00B00728', length=8, read_value.hex().upper()='5227A089B0E1C13F', arm_type='DBL'
2022-01-05 08:13:39.161 | DEBUG    | __main__:<module>:99 - array_address='00B00730', read_value.hex().upper()='99D87C5C1B2AC63F'
2022-01-05 08:13:39.162 | INFO     | __main__:<module>:115 - #7, name='Gamma', array_address='00B00730', length=8, read_value.hex().upper()='99D87C5C1B2AC63F', arm_type='DBL'
2022-01-05 08:13:39.162 | DEBUG    | __main__:<module>:99 - array_address='00B00738', read_value.hex().upper()='643BDF4F8D97CA3F'
2022-01-05 08:13:39.163 | INFO     | __main__:<module>:115 - #8, name='Gamma', array_address='00B00738', length=8, read_value.hex().upper()='643BDF4F8D97CA3F', arm_type='DBL'
2022-01-05 08:13:39.164 | DEBUG    | __main__:<module>:99 - array_address='00B00740', read_value.hex().upper()='B08F4E5DF92CCF3F'
2022-01-05 08:13:39.164 | INFO     | __main__:<module>:115 - #9, name='Gamma', array_address='00B00740', length=8, read_value.hex().upper()='B08F4E5DF92CCF3F', arm_type='DBL'
2022-01-05 08:13:39.165 | DEBUG    | __main__:<module>:99 - array_address='00B00748', read_value.hex().upper()='BB0A293FA9F6D13F'
2022-01-05 08:13:39.165 | INFO     | __main__:<module>:115 - #10, name='Gamma', array_address='00B00748', length=8, read_value.hex().upper()='BB0A293FA9F6D13F', arm_type='DBL'
2022-01-05 08:13:39.166 | DEBUG    | __main__:<module>:99 - array_address='00B00750', read_value.hex().upper()='983446EBA86AD43F'
2022-01-05 08:13:39.166 | INFO     | __main__:<module>:115 - #11, name='Gamma', array_address='00B00750', length=8, read_value.hex().upper()='983446EBA86AD43F', arm_type='DBL'
2022-01-05 08:13:39.167 | DEBUG    | __main__:<module>:99 - array_address='00B00758', read_value.hex().upper()='29D027F224E9D63F'
2022-01-05 08:13:39.167 | INFO     | __main__:<module>:115 - #12, name='Gamma', array_address='00B00758', length=8, read_value.hex().upper()='29D027F224E9D63F', arm_type='DBL'
2022-01-05 08:13:39.167 | DEBUG    | __main__:<module>:99 - array_address='00B00760', read_value.hex().upper()='003ACC971760D93F'
2022-01-05 08:13:39.168 | INFO     | __main__:<module>:115 - #13, name='Gamma', array_address='00B00760', length=8, read_value.hex().upper()='003ACC971760D93F', arm_type='DBL'
2022-01-05 08:13:39.168 | DEBUG    | __main__:<module>:99 - array_address='00B00768', read_value.hex().upper()='2DB29DEFA7C6DB3F'
2022-01-05 08:13:39.169 | INFO     | __main__:<module>:115 - #14, name='Gamma', array_address='00B00768', length=8, read_value.hex().upper()='2DB29DEFA7C6DB3F', arm_type='DBL'
2022-01-05 08:13:39.169 | DEBUG    | __main__:<module>:99 - array_address='00B00770', read_value.hex().upper()='50FC1873D712DE3F'
2022-01-05 08:13:39.170 | INFO     | __main__:<module>:115 - #15, name='Gamma', array_address='00B00770', length=8, read_value.hex().upper()='50FC1873D712DE3F', arm_type='DBL'
2022-01-05 08:13:39.170 | DEBUG    | __main__:<module>:99 - array_address='00B00778', read_value.hex().upper()='295C8FC2F528E03F'
2022-01-05 08:13:39.171 | INFO     | __main__:<module>:115 - #16, name='Gamma', array_address='00B00778', length=8, read_value.hex().upper()='295C8FC2F528E03F', arm_type='DBL'
2022-01-05 08:13:39.171 | DEBUG    | __main__:<module>:99 - array_address='00B00780', read_value.hex().upper()='A1D634EF3845E13F'
2022-01-05 08:13:39.172 | INFO     | __main__:<module>:115 - #17, name='Gamma', array_address='00B00780', length=8, read_value.hex().upper()='A1D634EF3845E13F', arm_type='DBL'
2022-01-05 08:13:39.173 | DEBUG    | __main__:<module>:99 - array_address='00B00788', read_value.hex().upper()='91ED7C3F355EE23F'
2022-01-05 08:13:39.173 | INFO     | __main__:<module>:115 - #18, name='Gamma', array_address='00B00788', length=8, read_value.hex().upper()='91ED7C3F355EE23F', arm_type='DBL'
2022-01-05 08:13:39.174 | DEBUG    | __main__:<module>:99 - array_address='00B00790', read_value.hex().upper()='6A4DF38E5374E33F'
2022-01-05 08:13:39.175 | INFO     | __main__:<module>:115 - #19, name='Gamma', array_address='00B00790', length=8, read_value.hex().upper()='6A4DF38E5374E33F', arm_type='DBL'
2022-01-05 08:13:39.175 | DEBUG    | __main__:<module>:99 - array_address='00B00798', read_value.hex().upper()='BA490C022B87E43F'
2022-01-05 08:13:39.176 | INFO     | __main__:<module>:115 - #20, name='Gamma', array_address='00B00798', length=8, read_value.hex().upper()='BA490C022B87E43F', arm_type='DBL'
2022-01-05 08:13:39.177 | DEBUG    | __main__:<module>:99 - array_address='00B007A0', read_value.hex().upper()='2FDD24068195E53F'
2022-01-05 08:13:39.177 | INFO     | __main__:<module>:115 - #21, name='Gamma', array_address='00B007A0', length=8, read_value.hex().upper()='2FDD24068195E53F', arm_type='DBL'
2022-01-05 08:13:39.178 | DEBUG    | __main__:<module>:99 - array_address='00B007A8', read_value.hex().upper()='39B4C876BE9FE63F'
2022-01-05 08:13:39.178 | INFO     | __main__:<module>:115 - #22, name='Gamma', array_address='00B007A8', length=8, read_value.hex().upper()='39B4C876BE9FE63F', arm_type='DBL'
2022-01-05 08:13:39.179 | DEBUG    | __main__:<module>:99 - array_address='00B007B0', read_value.hex().upper()='D9CEF753E3A5E73F'
2022-01-05 08:13:39.180 | INFO     | __main__:<module>:115 - #23, name='Gamma', array_address='00B007B0', length=8, read_value.hex().upper()='D9CEF753E3A5E73F', arm_type='DBL'
2022-01-05 08:13:39.180 | DEBUG    | __main__:<module>:99 - array_address='00B007B8', read_value.hex().upper()='0E2DB29DEFA7E83F'
2022-01-05 08:13:39.181 | INFO     | __main__:<module>:115 - #24, name='Gamma', array_address='00B007B8', length=8, read_value.hex().upper()='0E2DB29DEFA7E83F', arm_type='DBL'
2022-01-05 08:13:39.182 | DEBUG    | __main__:<module>:99 - array_address='00B007C0', read_value.hex().upper()='D9CEF753E3A5E93F'
2022-01-05 08:13:39.182 | INFO     | __main__:<module>:115 - #25, name='Gamma', array_address='00B007C0', length=8, read_value.hex().upper()='D9CEF753E3A5E93F', arm_type='DBL'
2022-01-05 08:13:39.183 | DEBUG    | __main__:<module>:99 - array_address='00B007C8', read_value.hex().upper()='39B4C876BE9FEA3F'
2022-01-05 08:13:39.184 | INFO     | __main__:<module>:115 - #26, name='Gamma', array_address='00B007C8', length=8, read_value.hex().upper()='39B4C876BE9FEA3F', arm_type='DBL'
2022-01-05 08:13:39.184 | DEBUG    | __main__:<module>:99 - array_address='00B007D0', read_value.hex().upper()='4D840D4FAF94EB3F'
2022-01-05 08:13:39.185 | INFO     | __main__:<module>:115 - #27, name='Gamma', array_address='00B007D0', length=8, read_value.hex().upper()='4D840D4FAF94EB3F', arm_type='DBL'
2022-01-05 08:13:39.185 | DEBUG    | __main__:<module>:99 - array_address='00B007D8', read_value.hex().upper()='508D976E1283EC3F'
2022-01-05 08:13:39.186 | INFO     | __main__:<module>:115 - #28, name='Gamma', array_address='00B007D8', length=8, read_value.hex().upper()='508D976E1283EC3F', arm_type='DBL'
2022-01-05 08:13:39.187 | DEBUG    | __main__:<module>:99 - array_address='00B007E0', read_value.hex().upper()='D712F241CF66ED3F'
2022-01-05 08:13:39.187 | INFO     | __main__:<module>:115 - #29, name='Gamma', array_address='00B007E0', length=8, read_value.hex().upper()='D712F241CF66ED3F', arm_type='DBL'
2022-01-05 08:13:39.188 | DEBUG    | __main__:<module>:99 - array_address='00B007E8', read_value.hex().upper()='1283C0CAA145EE3F'
2022-01-05 08:13:39.189 | INFO     | __main__:<module>:115 - #30, name='Gamma', array_address='00B007E8', length=8, read_value.hex().upper()='1283C0CAA145EE3F', arm_type='DBL'
2022-01-05 08:13:39.189 | DEBUG    | __main__:<module>:99 - array_address='00B007F0', read_value.hex().upper()='8811C2A38D23EF3F'
2022-01-05 08:13:39.190 | INFO     | __main__:<module>:115 - #31, name='Gamma', array_address='00B007F0', length=8, read_value.hex().upper()='8811C2A38D23EF3F', arm_type='DBL'
2022-01-05 08:13:39.191 | DEBUG    | __main__:<module>:99 - array_address='00B007F8', read_value.hex().upper()='000000000000F03F'
2022-01-05 08:13:39.191 | INFO     | __main__:<module>:115 - #32, name='Gamma', array_address='00B007F8', length=8, read_value.hex().upper()='000000000000F03F', arm_type='DBL'
2022-01-05 08:13:39.209 | INFO     | __main__:<module>:131 - #25, name='Blur preview', address='011E3B50', length=4, default_value.hex().upper()='420000B4', arm_type='ARMMANUAL'
2022-01-05 08:13:39.210 | INFO     | __main__:<module>:131 - #26, name='InitParams ExecuteFinishOn', address='011EA6A4', length=4, default_value.hex().upper()='420000B4', arm_type='ARMMANUAL'
2022-01-05 08:13:39.212 | INFO     | __main__:<module>:131 - #27, name='InitParams ExecutePostviewOn', address='011EA6B8', length=4, default_value.hex().upper()='420000B4', arm_type='ARMMANUAL'
2022-01-05 08:13:39.245 | INFO     | __main__:<module>:131 - #28, name='Compress merged DNG', address='011EAEE4', length=4, default_value.hex().upper()='E8079F1A', arm_type='ARMMANUAL'
2022-01-05 08:13:39.247 | INFO     | __main__:<module>:131 - #29, name='Allow sabre', address='011EB178', length=4, default_value.hex().upper()='E8079F1A', arm_type='ARMMANUAL'
2022-01-05 08:13:39.248 | INFO     | __main__:<module>:131 - #30, name='Merge method override', address='011EB1A8', length=4, default_value.hex().upper()='420000B4', arm_type='ARMMANUAL'
2022-01-05 08:13:39.250 | INFO     | __main__:<module>:131 - #31, name='Shasta force', address='011EB2C8', length=4, default_value.hex().upper()='E8079F1A', arm_type='ARMMANUAL'
2022-01-05 08:13:39.251 | INFO     | __main__:<module>:131 - #32, name='Shasta factor', address='011EB2DC', length=4, default_value.hex().upper()='420000B4', arm_type='ARMMANUAL'
2022-01-05 08:13:39.253 | INFO     | __main__:<module>:131 - #33, name='Downsample by 2 before merge', address='011EB314', length=4, default_value.hex().upper()='E8079F1A', arm_type='ARMMANUAL'
2022-01-05 08:13:39.267 | INFO     | __main__:<module>:131 - #34, name='Model noise', address='01ECF69C', length=4, default_value.hex().upper()='08686838', arm_type='ARMMANUAL'
2022-01-05 08:13:39.269 | INFO     | __main__:<module>:131 - #35, name='FinishShot ResampleMethod', address='01EDD91C', length=4, default_value.hex().upper()='7C5C0094', arm_type='ARMMANUAL'
2022-01-05 08:13:39.270 | INFO     | __main__:<module>:131 - #36, name='Sabre sharp 2', address='01EDE564', length=4, default_value.hex().upper()='00102E1E', arm_type='ARM'
2022-01-05 08:13:39.272 | INFO     | __main__:<module>:131 - #37, name='FrameDropping DiscardFramesWithTetMismatch ZSL', address='01EE6FAC', length=4, default_value.hex().upper()='3C140094', arm_type='ARMMANUAL'
2022-01-05 08:13:39.273 | INFO     | __main__:<module>:131 - #38, name='FrameDropping DiscardFrameWithLowestScore ZSL', address='01EE73F8', length=4, default_value.hex().upper()='60110094', arm_type='ARMMANUAL'
2022-01-05 08:13:39.275 | INFO     | __main__:<module>:131 - #39, name='AwbHdrPlusHelper GetCcmInfo SensorID', address='01EF809C', length=4, default_value.hex().upper()='9D6240B9', arm_type='ARMMANUAL'
2022-01-05 08:13:39.281 | INFO     | __main__:<module>:131 - #40, name='Sharpness', address='01FBC1F8', length=4, default_value.hex().upper()='00F6036F', arm_type='ARM'
2022-01-05 08:13:39.282 | INFO     | __main__:<module>:131 - #41, name='Sharpness 2', address='01FBC1FC', length=4, default_value.hex().upper()='08FEE7D2', arm_type='ARMDBL'
2022-01-05 08:13:39.284 | INFO     | __main__:<module>:131 - #42, name='Sharp gain', address='01FBC294', length=4, default_value.hex().upper()='08F0B752', arm_type='ARMFLT'
2022-01-05 08:13:39.285 | INFO     | __main__:<module>:131 - #43, name='Sharp gain micro', address='01FBC328', length=4, default_value.hex().upper()='0824A852', arm_type='ARMFLT'
2022-01-05 08:13:39.287 | INFO     | __main__:<module>:131 - #44, name='Luma', address='01FBC5D8', length=4, default_value.hex().upper()='08FEE7D2', arm_type='ARMDBL'
2022-01-05 08:13:39.288 | INFO     | __main__:<module>:131 - #45, name='Chroma Spatial', address='01FBC77C', length=4, default_value.hex().upper()='00F6036F', arm_type='ARM'
2022-01-05 08:13:39.290 | INFO     | __main__:<module>:131 - #46, name='Chroma Spatial 2', address='01FBC780', length=4, default_value.hex().upper()='08FEE7D2', arm_type='ARMDBL'
2022-01-05 08:13:39.291 | INFO     | __main__:<module>:131 - #47, name='Spatial', address='01FBC818', length=4, default_value.hex().upper()='00F6036F', arm_type='ARM'
2022-01-05 08:13:39.293 | INFO     | __main__:<module>:131 - #48, name='Spatial 2', address='01FBC81C', length=4, default_value.hex().upper()='08FEE7D2', arm_type='ARMDBL'
2022-01-05 08:13:39.295 | INFO     | __main__:<module>:131 - #49, name='Chroma Denoise', address='01FBC8B4', length=4, default_value.hex().upper()='00F6036F', arm_type='ARM'
2022-01-05 08:13:39.296 | INFO     | __main__:<module>:131 - #50, name='Chroma Denoise 2', address='01FBC8B8', length=4, default_value.hex().upper()='08FEE7D2', arm_type='ARMDBL'
2022-01-05 08:13:39.298 | INFO     | __main__:<module>:131 - #51, name='Dehaze', address='01FBC9EC', length=4, default_value.hex().upper()='08FEE7D2', arm_type='ARMDBL'
2022-01-05 08:13:39.299 | INFO     | __main__:<module>:131 - #52, name='Saturation', address='01FBCA80', length=4, default_value.hex().upper()='08FEE7D2', arm_type='ARMDBL'
2022-01-05 08:13:39.301 | INFO     | __main__:<module>:131 - #53, name='Processing', address='01FBE110', length=4, default_value.hex().upper()='080140B9', arm_type='ARMMANUAL'
2022-01-05 08:13:39.302 | INFO     | __main__:<module>:131 - #54, name='Clarity (exp normalization)', address='01FBF724', length=4, default_value.hex().upper()='08102E1E', arm_type='ARM'
2022-01-05 08:13:39.304 | INFO     | __main__:<module>:131 - #55, name='Shadow tuning', address='01FE0390', length=4, default_value.hex().upper()='01102A1E', arm_type='ARM'
2022-01-05 08:13:39.306 | INFO     | __main__:<module>:131 - #56, name='White level', address='01FF47F0', length=4, default_value.hex().upper()='5AA5A772', arm_type='ARMFLT'
2022-01-05 08:13:39.321 | INFO     | __main__:<module>:131 - #57, name='HDR effect', address='020ECAB0', length=4, default_value.hex().upper()='EA03271E', arm_type='ARMRPL'
2022-01-05 08:13:39.325 | INFO     | __main__:<module>:131 - #58, name='Highlight compensation', address='020EE320', length=4, default_value.hex().upper()='09008252', arm_type='ARMDEC'
2022-01-05 08:13:39.326 | INFO     | __main__:<module>:131 - #59, name='Volume processing 1', address='020F0664', length=4, default_value.hex().upper()='0D102E1E', arm_type='ARM'
2022-01-05 08:13:39.327 | INFO     | __main__:<module>:131 - #60, name='Volume processing 2', address='020F0668', length=4, default_value.hex().upper()='00482D1E', arm_type='ARMRPL'
2022-01-05 08:13:39.337 | INFO     | __main__:<module>:131 - #61, name='Smoothing1', address='027FF208', length=4, default_value.hex().upper()='08FEF7D2', arm_type='ARMDBL'
2022-01-05 08:13:39.338 | INFO     | __main__:<module>:131 - #62, name='Smoothing2', address='027FF29C', length=4, default_value.hex().upper()='08FEF7D2', arm_type='ARMDBL'
2022-01-05 08:13:39.339 | INFO     | __main__:<module>:131 - #63, name='Sabre sharp 3', address='0280C468', length=4, default_value.hex().upper()='0018221E', arm_type='ARMRPL'
2022-01-05 08:13:39.341 | INFO     | __main__:<module>:131 - #64, name='Sabre 1', address='0280E170', length=4, default_value.hex().upper()='01103E1E', arm_type='ARM'
2022-01-05 08:13:39.342 | INFO     | __main__:<module>:131 - #65, name='Sabre Noise Artifacts [-31]', address='02813648', length=4, default_value.hex().upper()='620A40BD', arm_type='ARMRPL'
2022-01-05 08:13:39.344 | INFO     | __main__:<module>:131 - #66, name='Fix denoise sabre', address='028138E0', length=4, default_value.hex().upper()='281AA772', arm_type='ARMFLT'
2022-01-05 08:13:39.345 | INFO     | __main__:<module>:131 - #67, name='Savannah merge chroma denoise', address='02819224', length=4, default_value.hex().upper()='08102E1E', arm_type='ARM'
2022-01-05 08:13:39.352 | INFO     | __main__:<module>:131 - #68, name='Sabre contrast sharp', address='02910BCC', length=4, default_value.hex().upper()='0110201E', arm_type='ARM'
2022-01-05 08:13:39.354 | INFO     | __main__:<module>:131 - #69, name='Sabre contrast', address='02910BDC', length=4, default_value.hex().upper()='01102E1E', arm_type='ARM'
2022-01-05 08:13:39.372 | INFO     | __main__:<module>:131 - #70, name='Sabre Max Relative Tet Factor', address='02971F78', length=4, default_value.hex().upper()='0010201E', arm_type='ARM'
2022-01-05 08:13:39.373 | INFO     | __main__:<module>:131 - #71, name='ISO (max overall gain)', address='02974500', length=4, default_value.hex().upper()='8959A852', arm_type='ARMFLT'
2022-01-05 08:13:39.374 | INFO     | __main__:<module>:131 - #72, name='Tuning marlin, sailfish SensorID', address='029769D8', length=4, default_value.hex().upper()='887A40B9', arm_type='ARMMANUAL'
2022-01-05 08:13:39.375 | INFO     | __main__:<module>:131 - #73, name='Tuning taimen, muskie, walleye SensorID', address='02976AE0', length=4, default_value.hex().upper()='887A40B9', arm_type='ARMMANUAL'
2022-01-05 08:13:39.377 | INFO     | __main__:<module>:131 - #74, name='Tuning crosshatch, blueline SensorID', address='02976D14', length=4, default_value.hex().upper()='887A40B9', arm_type='ARMMANUAL'
2022-01-05 08:13:39.380 | INFO     | __main__:<module>:131 - #75, name='Tuning sargo, bonito SensorID', address='02976E64', length=4, default_value.hex().upper()='887A40B9', arm_type='ARMMANUAL'
2022-01-05 08:13:39.383 | INFO     | __main__:<module>:131 - #76, name='Tuning coral, flame, needlefish SensorID', address='02977230', length=4, default_value.hex().upper()='887A40B9', arm_type='ARMMANUAL'
2022-01-05 08:13:39.385 | INFO     | __main__:<module>:131 - #77, name='Tuning sunfish SensorID', address='029774FC', length=4, default_value.hex().upper()='887A40B9', arm_type='ARMMANUAL'
2022-01-05 08:13:39.388 | INFO     | __main__:<module>:131 - #78, name='Tuning redfin, bramble, whitefin SensorID', address='029776C0', length=4, default_value.hex().upper()='977A40B9', arm_type='ARMMANUAL'
2022-01-05 08:13:39.390 | INFO     | __main__:<module>:131 - #79, name='Tuning slider, raven, oriole SensorID', address='02977D64', length=4, default_value.hex().upper()='977A40B9', arm_type='ARMMANUAL'
2022-01-05 08:13:39.394 | INFO     | __main__:<module>:131 - #80, name='Tuning barbet SensorID', address='02978660', length=4, default_value.hex().upper()='887A40B9', arm_type='ARMMANUAL'
2022-01-05 08:13:39.396 | INFO     | __main__:<module>:131 - #81, name='Tuning pipit SensorID', address='0297911C', length=4, default_value.hex().upper()='887A40B9', arm_type='ARMMANUAL'
2022-01-05 08:13:39.399 | INFO     | __main__:<module>:131 - #82, name='Tuning Night Mode Gain Multiplier', address='02979B50', length=4, default_value.hex().upper()='0814A852', arm_type='ARMFLT'
2022-01-05 08:13:39.401 | INFO     | __main__:<module>:131 - #83, name='Exposition (max hdr ratio) 1', address='02979D40', length=4, default_value.hex().upper()='E931A872', arm_type='ARMFLT'
2022-01-05 08:13:39.406 | INFO     | __main__:<module>:131 - #84, name='Exposition (max hdr ratio)', address='02979D48', length=4, default_value.hex().upper()='00F0241E', arm_type='ARM'
2022-01-05 08:13:39.408 | INFO     | __main__:<module>:131 - #85, name='Exposition (max hdr ratio) 2', address='02979D4C', length=4, default_value.hex().upper()='8A22A872', arm_type='ARMFLT'
2022-01-05 08:13:39.411 | INFO     | __main__:<module>:131 - #86, name='CG2 Blue correction', address='0297BA2C', length=4, default_value.hex().upper()='29EAA772', arm_type='ARMFLT'
2022-01-05 08:13:39.413 | INFO     | __main__:<module>:131 - #87, name='Expo comp', address='02987E28', length=4, default_value.hex().upper()='1870A772', arm_type='ARMFLT'
2022-01-05 08:13:39.416 | INFO     | __main__:<module>:131 - #88, name='HDR range minus', address='029884AC', length=4, default_value.hex().upper()='02103E1E', arm_type='ARM'
2022-01-05 08:13:39.418 | INFO     | __main__:<module>:131 - #89, name='HDR range plus', address='029884B8', length=4, default_value.hex().upper()='0230241E', arm_type='ARM'
2022-01-05 08:13:39.420 | INFO     | __main__:<module>:131 - #90, name='LDR', address='0299CF40', length=4, default_value.hex().upper()='0008621E', arm_type='ARMRPL'
2022-01-05 08:13:39.423 | INFO     | __main__:<module>:131 - #91, name='HDR softness', address='0299D610', length=4, default_value.hex().upper()='F615E8F2', arm_type='ARMFLT'
2022-01-05 08:13:39.439 | INFO     | __main__:<module>:131 - #92, name='TET factor tuning', address='02A5D620', length=4, default_value.hex().upper()='2168291E', arm_type='ARMRPL'
2022-01-05 08:13:39.442 | INFO     | __main__:<module>:131 - #93, name='JPG quality', address='02A81A1C', length=4, default_value.hex().upper()='F503002A', arm_type='ARMMANUAL'
2022-01-05 08:13:39.457 | INFO     | __main__:<module>:131 - #94, name='Sharp depth 1', address='02B9832C', length=4, default_value.hex().upper()='03102C1E', arm_type='ARM'
2022-01-05 08:13:39.458 | INFO     | __main__:<module>:131 - #95, name='Sharp depth 2', address='02B98330', length=4, default_value.hex().upper()='04102E1E', arm_type='ARM'
2022-01-05 08:13:39.473 | INFO     | __main__:<module>:131 - #96, name='Lut noise fix', address='02C9EEC4', length=4, default_value.hex().upper()='0CC0211E', arm_type='ARMRPL'
2022-01-05 08:13:39.477 | INFO     | __main__:<module>:131 - #97, name='Better color wiener', address='02CF41A8', length=4, default_value.hex().upper()='01106E1E', arm_type='ARM'
2022-01-05 08:13:39.479 | INFO     | __main__:<module>:131 - #98, name='Luma noise', address='02CF7040', length=4, default_value.hex().upper()='00F6034F', arm_type='ARM'
2022-01-05 08:13:39.480 | INFO     | __main__:<module>:131 - #99, name='Better color wiener', address='02CF41A8', length=4, default_value.hex().upper()='01106E1E', arm_type='ARM'
2022-01-05 08:13:39.481 | INFO     | __main__:<module>:131 - #100, name='Luma noise', address='02CF7040', length=4, default_value.hex().upper()='00F6034F', arm_type='ARM'
