2022-01-04 21:36:05.756 | INFO     | __main__:<module>:46 - Loaded 8.4.300_rc15.hbk, file size = 67360 bytes, addresses = 101
2022-01-04 21:36:05.757 | INFO     | __main__:<module>:96 - #0, name='Signature in exif', address='00212F96', length=32, default_value.hex().upper()='3431343737353630330000000000000000000000000000000000000000000000', arm_type='HEX STRING'
2022-01-04 21:36:05.758 | INFO     | __main__:<module>:96 - #1, name='Compiled', address='002137F6', length=20, default_value.hex().upper()='446563203720323032312031313A31313A313400', arm_type='HEX STRING'
2022-01-04 21:36:05.759 | INFO     | __main__:<module>:96 - #2, name='Version', address='00213E16', length=48, default_value.hex().upper()='455F382E342E4652555F676F6F676C655F63616D6572612D616E64726F69645F32303231313030312E30305F52433138', arm_type='HEX STRING'
2022-01-04 21:36:05.760 | INFO     | __main__:<module>:96 - #3, name='Zipper2', address='00364868', length=4, default_value.hex().upper()='00008041', arm_type='FLT'
2022-01-04 21:36:05.761 | INFO     | __main__:<module>:96 - #4, name='Coef Spatial', address='00364868', length=8, default_value.hex().upper()='000080410000C03F', arm_type='DBL'
2022-01-04 21:36:05.762 | INFO     | __main__:<module>:96 - #5, name='Zipper3', address='0036486C', length=4, default_value.hex().upper()='0000C03F', arm_type='FLT'
2022-01-04 21:36:05.763 | INFO     | __main__:<module>:96 - #6, name='Contrast Black', address='003654E4', length=4, default_value.hex().upper()='0000803F', arm_type='FLT'
2022-01-04 21:36:05.764 | INFO     | __main__:<module>:96 - #7, name='CF1 Green', address='003655D8', length=4, default_value.hex().upper()='3333933F', arm_type='FLT'
2022-01-04 21:36:05.765 | INFO     | __main__:<module>:96 - #8, name='CF2 Red', address='003655DC', length=4, default_value.hex().upper()='0000803F', arm_type='FLT'
2022-01-04 21:36:05.766 | INFO     | __main__:<module>:96 - #9, name='Contrast2', address='00365AF0', length=8, default_value.hex().upper()='000000C04517DD3F', arm_type='DBL'
2022-01-04 21:36:05.767 | INFO     | __main__:<module>:96 - #10, name='Tuning ColorSatParams 1', address='00366188', length=4, default_value.hex().upper()='0000803F', arm_type='FLT'
2022-01-04 21:36:05.768 | INFO     | __main__:<module>:96 - #11, name='Tuning ColorSatParams 2', address='0036618C', length=4, default_value.hex().upper()='8FC2D53F', arm_type='FLT'
2022-01-04 21:36:05.768 | INFO     | __main__:<module>:96 - #12, name='Smoothing the sabre', address='00AF95B0', length=4, default_value.hex().upper()='3333B33F', arm_type='FLT'
2022-01-04 21:36:05.770 | INFO     | __main__:<module>:96 - #13, name='Sharp mini', address='00AF95BC', length=4, default_value.hex().upper()='6666A640', arm_type='FLT'
2022-01-04 21:36:05.772 | INFO     | __main__:<module>:96 - #14, name='Smoothing new', address='00AF95C0', length=4, default_value.hex().upper()='17B75139', arm_type='ARMMANUAL'
2022-01-04 21:36:05.773 | INFO     | __main__:<module>:96 - #15, name='Sabre sharp', address='00AF95C8', length=4, default_value.hex().upper()='66660640', arm_type='FLT'
2022-01-04 21:36:05.774 | INFO     | __main__:<module>:96 - #16, name='Sharp macro', address='00AF95D4', length=4, default_value.hex().upper()='3333B33F', arm_type='FLT'
2022-01-04 21:36:05.775 | INFO     | __main__:<module>:96 - #17, name='Wavelet Luma Denoise Sabre Levels', address='00AFCBC3', length=269, default_value.hex().upper()='9A99993F15CDCC4C3E1D1093243F0A0F0D3333333F15CDCCCC3D1DD08A203F0A0F0D836FCD3E15CDCCCC3D1D54EEF13E0A0F0DE0790E3F15CDCCCC3D1D93D7B93E0A0A0D9142C23E1DAF3C9F3D000000000000000000000000000000000A0F0D9A99993F159A99193E1DAE50223F0A0F0DCDCC8C3F15CDCCCC3D1D95806D3E0A0F0D9A99993F150AD7A33D1D09997A3E0A0F0DCDCC8C3F158FC2F53D1D0E06743E0A0A0D0000803F1D68CEB13E000000000000000000000000000000000A0F0D9A99993F159A99193E1D14FA003F0A0F0D0000803F15CDCCCC3D1D49CCBD3E0A0F0D0000803F15CDCCCC3D1D37E0A43E0A0F0D3333333F15295C0F3E1D7B0A023F0A0A0DCDCCCC3D1DD1FF143F', arm_type='HEX STRING'
2022-01-04 21:36:05.776 | INFO     | __main__:<module>:96 - #18, name='Spatial denoise micro 1', address='00AFE654', length=4, default_value.hex().upper()='0000A040', arm_type='FLT'
2022-01-04 21:36:05.777 | INFO     | __main__:<module>:96 - #19, name='Spatial denoise micro 2', address='00AFE658', length=4, default_value.hex().upper()='CDCC4C3F', arm_type='FLT'
2022-01-04 21:36:05.778 | INFO     | __main__:<module>:96 - #20, name='Spatial denoise micro 3', address='00AFE65C', length=4, default_value.hex().upper()='0000A041', arm_type='FLT'
2022-01-04 21:36:05.780 | INFO     | __main__:<module>:96 - #21, name='Spatial denoise micro 4', address='00AFE660', length=4, default_value.hex().upper()='6666663F', arm_type='FLT'
2022-01-04 21:36:05.780 | INFO     | __main__:<module>:70 - Sect is an array of 7 values
2022-01-04 21:36:05.781 | INFO     | __main__:<module>:90 - #0, name='Sect', address='00B00638', length=8, read_value.hex().upper()='0000000000000000', arm_type='DBL'
2022-01-04 21:36:05.782 | INFO     | __main__:<module>:90 - #1, name='Sect', address='00B00638', length=8, read_value.hex().upper()='A167B3EA73B5C53F', arm_type='DBL'
2022-01-04 21:36:05.783 | INFO     | __main__:<module>:90 - #2, name='Sect', address='00B00638', length=8, read_value.hex().upper()='A167B3EA73B5D53F', arm_type='DBL'
2022-01-04 21:36:05.784 | INFO     | __main__:<module>:90 - #3, name='Sect', address='00B00638', length=8, read_value.hex().upper()='9BE61DA7E848E03F', arm_type='DBL'
2022-01-04 21:36:05.785 | INFO     | __main__:<module>:90 - #4, name='Sect', address='00B00638', length=8, read_value.hex().upper()='83C0CAA145B6E53F', arm_type='DBL'
2022-01-04 21:36:05.786 | INFO     | __main__:<module>:90 - #5, name='Sect', address='00B00638', length=8, read_value.hex().upper()='AE47E17A14AEEB3F', arm_type='DBL'
2022-01-04 21:36:05.786 | INFO     | __main__:<module>:90 - #6, name='Sect', address='00B00638', length=8, read_value.hex().upper()='000000000000F03F', arm_type='DBL'
2022-01-04 21:36:05.787 | INFO     | __main__:<module>:70 - Tone is an array of 17 values
2022-01-04 21:36:05.788 | INFO     | __main__:<module>:90 - #0, name='Tone', address='00B00670', length=8, read_value.hex().upper()='0000000000000000', arm_type='DBL'
2022-01-04 21:36:05.789 | INFO     | __main__:<module>:90 - #1, name='Tone', address='00B00670', length=8, read_value.hex().upper()='39B4C876BE9F8A3F', arm_type='DBL'
2022-01-04 21:36:05.790 | INFO     | __main__:<module>:90 - #2, name='Tone', address='00B00670', length=8, read_value.hex().upper()='295C8FC2F528AC3F', arm_type='DBL'
2022-01-04 21:36:05.790 | INFO     | __main__:<module>:90 - #3, name='Tone', address='00B00670', length=8, read_value.hex().upper()='C976BE9F1A2FBD3F', arm_type='DBL'
2022-01-04 21:36:05.791 | INFO     | __main__:<module>:90 - #4, name='Tone', address='00B00670', length=8, read_value.hex().upper()='5A643BDF4F8DC73F', arm_type='DBL'
2022-01-04 21:36:05.792 | INFO     | __main__:<module>:90 - #5, name='Tone', address='00B00670', length=8, read_value.hex().upper()='A245B6F3FDD4D03F', arm_type='DBL'
2022-01-04 21:36:05.793 | INFO     | __main__:<module>:90 - #6, name='Tone', address='00B00670', length=8, read_value.hex().upper()='1283C0CAA145D63F', arm_type='DBL'
2022-01-04 21:36:05.794 | INFO     | __main__:<module>:90 - #7, name='Tone', address='00B00670', length=8, read_value.hex().upper()='2DB29DEFA7C6DB3F', arm_type='DBL'
2022-01-04 21:36:05.795 | INFO     | __main__:<module>:90 - #8, name='Tone', address='00B00670', length=8, read_value.hex().upper()='CFF753E3A59BE03F', arm_type='DBL'
2022-01-04 21:36:05.796 | INFO     | __main__:<module>:90 - #9, name='Tone', address='00B00670', length=8, read_value.hex().upper()='08AC1C5A643BE33F', arm_type='DBL'
2022-01-04 21:36:05.796 | INFO     | __main__:<module>:90 - #10, name='Tone', address='00B00670', length=8, read_value.hex().upper()='1904560E2DB2E53F', arm_type='DBL'
2022-01-04 21:36:05.797 | INFO     | __main__:<module>:90 - #11, name='Tone', address='00B00670', length=8, read_value.hex().upper()='D578E9263108E83F', arm_type='DBL'
2022-01-04 21:36:05.798 | INFO     | __main__:<module>:90 - #12, name='Tone', address='00B00670', length=8, read_value.hex().upper()='E9263108AC1CEA3F', arm_type='DBL'
2022-01-04 21:36:05.799 | INFO     | __main__:<module>:90 - #13, name='Tone', address='00B00670', length=8, read_value.hex().upper()='000000000000EC3F', arm_type='DBL'
2022-01-04 21:36:05.800 | INFO     | __main__:<module>:90 - #14, name='Tone', address='00B00670', length=8, read_value.hex().upper()='6F1283C0CAA1ED3F', arm_type='DBL'
2022-01-04 21:36:05.801 | INFO     | __main__:<module>:90 - #15, name='Tone', address='00B00670', length=8, read_value.hex().upper()='355EBA490C02EF3F', arm_type='DBL'
2022-01-04 21:36:05.801 | INFO     | __main__:<module>:90 - #16, name='Tone', address='00B00670', length=8, read_value.hex().upper()='000000000000F03F', arm_type='DBL'
2022-01-04 21:36:05.802 | INFO     | __main__:<module>:70 - Gamma is an array of 33 values
2022-01-04 21:36:05.803 | INFO     | __main__:<module>:90 - #0, name='Gamma', address='00B006F8', length=8, read_value.hex().upper()='0000000000000000', arm_type='DBL'
2022-01-04 21:36:05.804 | INFO     | __main__:<module>:90 - #1, name='Gamma', address='00B006F8', length=8, read_value.hex().upper()='37548CF337A1703F', arm_type='DBL'
2022-01-04 21:36:05.805 | INFO     | __main__:<module>:90 - #2, name='Gamma', address='00B006F8', length=8, read_value.hex().upper()='51888043A852933F', arm_type='DBL'
2022-01-04 21:36:05.806 | INFO     | __main__:<module>:90 - #3, name='Gamma', address='00B006F8', length=8, read_value.hex().upper()='459E245D33F9A63F', arm_type='DBL'
2022-01-04 21:36:05.807 | INFO     | __main__:<module>:90 - #4, name='Gamma', address='00B006F8', length=8, read_value.hex().upper()='44FAEDEBC039B33F', arm_type='DBL'
2022-01-04 21:36:05.807 | INFO     | __main__:<module>:90 - #5, name='Gamma', address='00B006F8', length=8, read_value.hex().upper()='3108AC1C5A64BB3F', arm_type='DBL'
2022-01-04 21:36:05.808 | INFO     | __main__:<module>:90 - #6, name='Gamma', address='00B006F8', length=8, read_value.hex().upper()='5227A089B0E1C13F', arm_type='DBL'
2022-01-04 21:36:05.809 | INFO     | __main__:<module>:90 - #7, name='Gamma', address='00B006F8', length=8, read_value.hex().upper()='99D87C5C1B2AC63F', arm_type='DBL'
2022-01-04 21:36:05.810 | INFO     | __main__:<module>:90 - #8, name='Gamma', address='00B006F8', length=8, read_value.hex().upper()='643BDF4F8D97CA3F', arm_type='DBL'
2022-01-04 21:36:05.811 | INFO     | __main__:<module>:90 - #9, name='Gamma', address='00B006F8', length=8, read_value.hex().upper()='B08F4E5DF92CCF3F', arm_type='DBL'
2022-01-04 21:36:05.812 | INFO     | __main__:<module>:90 - #10, name='Gamma', address='00B006F8', length=8, read_value.hex().upper()='BB0A293FA9F6D13F', arm_type='DBL'
2022-01-04 21:36:05.813 | INFO     | __main__:<module>:90 - #11, name='Gamma', address='00B006F8', length=8, read_value.hex().upper()='983446EBA86AD43F', arm_type='DBL'
2022-01-04 21:36:05.813 | INFO     | __main__:<module>:90 - #12, name='Gamma', address='00B006F8', length=8, read_value.hex().upper()='29D027F224E9D63F', arm_type='DBL'
2022-01-04 21:36:05.814 | INFO     | __main__:<module>:90 - #13, name='Gamma', address='00B006F8', length=8, read_value.hex().upper()='003ACC971760D93F', arm_type='DBL'
2022-01-04 21:36:05.815 | INFO     | __main__:<module>:90 - #14, name='Gamma', address='00B006F8', length=8, read_value.hex().upper()='2DB29DEFA7C6DB3F', arm_type='DBL'
2022-01-04 21:36:05.816 | INFO     | __main__:<module>:90 - #15, name='Gamma', address='00B006F8', length=8, read_value.hex().upper()='50FC1873D712DE3F', arm_type='DBL'
2022-01-04 21:36:05.817 | INFO     | __main__:<module>:90 - #16, name='Gamma', address='00B006F8', length=8, read_value.hex().upper()='295C8FC2F528E03F', arm_type='DBL'
2022-01-04 21:36:05.817 | INFO     | __main__:<module>:90 - #17, name='Gamma', address='00B006F8', length=8, read_value.hex().upper()='A1D634EF3845E13F', arm_type='DBL'
2022-01-04 21:36:05.818 | INFO     | __main__:<module>:90 - #18, name='Gamma', address='00B006F8', length=8, read_value.hex().upper()='91ED7C3F355EE23F', arm_type='DBL'
2022-01-04 21:36:05.819 | INFO     | __main__:<module>:90 - #19, name='Gamma', address='00B006F8', length=8, read_value.hex().upper()='6A4DF38E5374E33F', arm_type='DBL'
2022-01-04 21:36:05.820 | INFO     | __main__:<module>:90 - #20, name='Gamma', address='00B006F8', length=8, read_value.hex().upper()='BA490C022B87E43F', arm_type='DBL'
2022-01-04 21:36:05.821 | INFO     | __main__:<module>:90 - #21, name='Gamma', address='00B006F8', length=8, read_value.hex().upper()='2FDD24068195E53F', arm_type='DBL'
2022-01-04 21:36:05.821 | INFO     | __main__:<module>:90 - #22, name='Gamma', address='00B006F8', length=8, read_value.hex().upper()='39B4C876BE9FE63F', arm_type='DBL'
2022-01-04 21:36:05.822 | INFO     | __main__:<module>:90 - #23, name='Gamma', address='00B006F8', length=8, read_value.hex().upper()='D9CEF753E3A5E73F', arm_type='DBL'
2022-01-04 21:36:05.823 | INFO     | __main__:<module>:90 - #24, name='Gamma', address='00B006F8', length=8, read_value.hex().upper()='0E2DB29DEFA7E83F', arm_type='DBL'
2022-01-04 21:36:05.824 | INFO     | __main__:<module>:90 - #25, name='Gamma', address='00B006F8', length=8, read_value.hex().upper()='D9CEF753E3A5E93F', arm_type='DBL'
2022-01-04 21:36:05.826 | INFO     | __main__:<module>:90 - #26, name='Gamma', address='00B006F8', length=8, read_value.hex().upper()='39B4C876BE9FEA3F', arm_type='DBL'
2022-01-04 21:36:05.826 | INFO     | __main__:<module>:90 - #27, name='Gamma', address='00B006F8', length=8, read_value.hex().upper()='4D840D4FAF94EB3F', arm_type='DBL'
2022-01-04 21:36:05.827 | INFO     | __main__:<module>:90 - #28, name='Gamma', address='00B006F8', length=8, read_value.hex().upper()='508D976E1283EC3F', arm_type='DBL'
2022-01-04 21:36:05.828 | INFO     | __main__:<module>:90 - #29, name='Gamma', address='00B006F8', length=8, read_value.hex().upper()='D712F241CF66ED3F', arm_type='DBL'
2022-01-04 21:36:05.829 | INFO     | __main__:<module>:90 - #30, name='Gamma', address='00B006F8', length=8, read_value.hex().upper()='1283C0CAA145EE3F', arm_type='DBL'
2022-01-04 21:36:05.830 | INFO     | __main__:<module>:90 - #31, name='Gamma', address='00B006F8', length=8, read_value.hex().upper()='8811C2A38D23EF3F', arm_type='DBL'
2022-01-04 21:36:05.831 | INFO     | __main__:<module>:90 - #32, name='Gamma', address='00B006F8', length=8, read_value.hex().upper()='000000000000F03F', arm_type='DBL'
2022-01-04 21:36:05.832 | INFO     | __main__:<module>:96 - #25, name='Blur preview', address='011E3B50', length=4, default_value.hex().upper()='420000B4', arm_type='ARMMANUAL'
2022-01-04 21:36:05.833 | INFO     | __main__:<module>:96 - #26, name='InitParams ExecuteFinishOn', address='011EA6A4', length=4, default_value.hex().upper()='420000B4', arm_type='ARMMANUAL'
2022-01-04 21:36:05.835 | INFO     | __main__:<module>:96 - #27, name='InitParams ExecutePostviewOn', address='011EA6B8', length=4, default_value.hex().upper()='420000B4', arm_type='ARMMANUAL'
2022-01-04 21:36:05.836 | INFO     | __main__:<module>:96 - #28, name='Compress merged DNG', address='011EAEE4', length=4, default_value.hex().upper()='E8079F1A', arm_type='ARMMANUAL'
2022-01-04 21:36:05.837 | INFO     | __main__:<module>:96 - #29, name='Allow sabre', address='011EB178', length=4, default_value.hex().upper()='E8079F1A', arm_type='ARMMANUAL'
2022-01-04 21:36:05.839 | INFO     | __main__:<module>:96 - #30, name='Merge method override', address='011EB1A8', length=4, default_value.hex().upper()='420000B4', arm_type='ARMMANUAL'
2022-01-04 21:36:05.840 | INFO     | __main__:<module>:96 - #31, name='Shasta force', address='011EB2C8', length=4, default_value.hex().upper()='E8079F1A', arm_type='ARMMANUAL'
2022-01-04 21:36:05.841 | INFO     | __main__:<module>:96 - #32, name='Shasta factor', address='011EB2DC', length=4, default_value.hex().upper()='420000B4', arm_type='ARMMANUAL'
2022-01-04 21:36:05.843 | INFO     | __main__:<module>:96 - #33, name='Downsample by 2 before merge', address='011EB314', length=4, default_value.hex().upper()='E8079F1A', arm_type='ARMMANUAL'
2022-01-04 21:36:05.845 | INFO     | __main__:<module>:96 - #34, name='Model noise', address='01ECF69C', length=4, default_value.hex().upper()='08686838', arm_type='ARMMANUAL'
2022-01-04 21:36:05.847 | INFO     | __main__:<module>:96 - #35, name='FinishShot ResampleMethod', address='01EDD91C', length=4, default_value.hex().upper()='7C5C0094', arm_type='ARMMANUAL'
2022-01-04 21:36:05.848 | INFO     | __main__:<module>:96 - #36, name='Sabre sharp 2', address='01EDE564', length=4, default_value.hex().upper()='00102E1E', arm_type='ARM'
2022-01-04 21:36:05.850 | INFO     | __main__:<module>:96 - #37, name='FrameDropping DiscardFramesWithTetMismatch ZSL', address='01EE6FAC', length=4, default_value.hex().upper()='3C140094', arm_type='ARMMANUAL'
2022-01-04 21:36:05.852 | INFO     | __main__:<module>:96 - #38, name='FrameDropping DiscardFrameWithLowestScore ZSL', address='01EE73F8', length=4, default_value.hex().upper()='60110094', arm_type='ARMMANUAL'
2022-01-04 21:36:05.853 | INFO     | __main__:<module>:96 - #39, name='AwbHdrPlusHelper GetCcmInfo SensorID', address='01EF809C', length=4, default_value.hex().upper()='9D6240B9', arm_type='ARMMANUAL'
2022-01-04 21:36:05.854 | INFO     | __main__:<module>:96 - #40, name='Sharpness', address='01FBC1F8', length=4, default_value.hex().upper()='00F6036F', arm_type='ARM'
2022-01-04 21:36:05.856 | INFO     | __main__:<module>:96 - #41, name='Sharpness 2', address='01FBC1FC', length=4, default_value.hex().upper()='08FEE7D2', arm_type='ARMDBL'
2022-01-04 21:36:05.857 | INFO     | __main__:<module>:96 - #42, name='Sharp gain', address='01FBC294', length=4, default_value.hex().upper()='08F0B752', arm_type='ARMFLT'
2022-01-04 21:36:05.858 | INFO     | __main__:<module>:96 - #43, name='Sharp gain micro', address='01FBC328', length=4, default_value.hex().upper()='0824A852', arm_type='ARMFLT'
2022-01-04 21:36:05.860 | INFO     | __main__:<module>:96 - #44, name='Luma', address='01FBC5D8', length=4, default_value.hex().upper()='08FEE7D2', arm_type='ARMDBL'
2022-01-04 21:36:05.861 | INFO     | __main__:<module>:96 - #45, name='Chroma Spatial', address='01FBC77C', length=4, default_value.hex().upper()='00F6036F', arm_type='ARM'
2022-01-04 21:36:05.862 | INFO     | __main__:<module>:96 - #46, name='Chroma Spatial 2', address='01FBC780', length=4, default_value.hex().upper()='08FEE7D2', arm_type='ARMDBL'
2022-01-04 21:36:05.863 | INFO     | __main__:<module>:96 - #47, name='Spatial', address='01FBC818', length=4, default_value.hex().upper()='00F6036F', arm_type='ARM'
2022-01-04 21:36:05.864 | INFO     | __main__:<module>:96 - #48, name='Spatial 2', address='01FBC81C', length=4, default_value.hex().upper()='08FEE7D2', arm_type='ARMDBL'
2022-01-04 21:36:05.866 | INFO     | __main__:<module>:96 - #49, name='Chroma Denoise', address='01FBC8B4', length=4, default_value.hex().upper()='00F6036F', arm_type='ARM'
2022-01-04 21:36:05.867 | INFO     | __main__:<module>:96 - #50, name='Chroma Denoise 2', address='01FBC8B8', length=4, default_value.hex().upper()='08FEE7D2', arm_type='ARMDBL'
2022-01-04 21:36:05.868 | INFO     | __main__:<module>:96 - #51, name='Dehaze', address='01FBC9EC', length=4, default_value.hex().upper()='08FEE7D2', arm_type='ARMDBL'
2022-01-04 21:36:05.869 | INFO     | __main__:<module>:96 - #52, name='Saturation', address='01FBCA80', length=4, default_value.hex().upper()='08FEE7D2', arm_type='ARMDBL'
2022-01-04 21:36:05.871 | INFO     | __main__:<module>:96 - #53, name='Processing', address='01FBE110', length=4, default_value.hex().upper()='080140B9', arm_type='ARMMANUAL'
2022-01-04 21:36:05.872 | INFO     | __main__:<module>:96 - #54, name='Clarity (exp normalization)', address='01FBF724', length=4, default_value.hex().upper()='08102E1E', arm_type='ARM'
2022-01-04 21:36:05.874 | INFO     | __main__:<module>:96 - #55, name='Shadow tuning', address='01FE0390', length=4, default_value.hex().upper()='01102A1E', arm_type='ARM'
2022-01-04 21:36:05.875 | INFO     | __main__:<module>:96 - #56, name='White level', address='01FF47F0', length=4, default_value.hex().upper()='5AA5A772', arm_type='ARMFLT'
2022-01-04 21:36:05.877 | INFO     | __main__:<module>:96 - #57, name='HDR effect', address='020ECAB0', length=4, default_value.hex().upper()='EA03271E', arm_type='ARMRPL'
2022-01-04 21:36:05.878 | INFO     | __main__:<module>:96 - #58, name='Highlight compensation', address='020EE320', length=4, default_value.hex().upper()='09008252', arm_type='ARMDEC'
2022-01-04 21:36:05.879 | INFO     | __main__:<module>:96 - #59, name='Volume processing 1', address='020F0664', length=4, default_value.hex().upper()='0D102E1E', arm_type='ARM'
2022-01-04 21:36:05.880 | INFO     | __main__:<module>:96 - #60, name='Volume processing 2', address='020F0668', length=4, default_value.hex().upper()='00482D1E', arm_type='ARMRPL'
2022-01-04 21:36:05.881 | INFO     | __main__:<module>:96 - #61, name='Smoothing1', address='027FF208', length=4, default_value.hex().upper()='08FEF7D2', arm_type='ARMDBL'
2022-01-04 21:36:05.883 | INFO     | __main__:<module>:96 - #62, name='Smoothing2', address='027FF29C', length=4, default_value.hex().upper()='08FEF7D2', arm_type='ARMDBL'
2022-01-04 21:36:05.884 | INFO     | __main__:<module>:96 - #63, name='Sabre sharp 3', address='0280C468', length=4, default_value.hex().upper()='0018221E', arm_type='ARMRPL'
2022-01-04 21:36:05.886 | INFO     | __main__:<module>:96 - #64, name='Sabre 1', address='0280E170', length=4, default_value.hex().upper()='01103E1E', arm_type='ARM'
2022-01-04 21:36:05.887 | INFO     | __main__:<module>:96 - #65, name='Sabre Noise Artifacts [-31]', address='02813648', length=4, default_value.hex().upper()='620A40BD', arm_type='ARMRPL'
2022-01-04 21:36:05.888 | INFO     | __main__:<module>:96 - #66, name='Fix denoise sabre', address='028138E0', length=4, default_value.hex().upper()='281AA772', arm_type='ARMFLT'
2022-01-04 21:36:05.890 | INFO     | __main__:<module>:96 - #67, name='Savannah merge chroma denoise', address='02819224', length=4, default_value.hex().upper()='08102E1E', arm_type='ARM'
2022-01-04 21:36:05.891 | INFO     | __main__:<module>:96 - #68, name='Sabre contrast sharp', address='02910BCC', length=4, default_value.hex().upper()='0110201E', arm_type='ARM'
2022-01-04 21:36:05.892 | INFO     | __main__:<module>:96 - #69, name='Sabre contrast', address='02910BDC', length=4, default_value.hex().upper()='01102E1E', arm_type='ARM'
2022-01-04 21:36:05.893 | INFO     | __main__:<module>:96 - #70, name='Sabre Max Relative Tet Factor', address='02971F78', length=4, default_value.hex().upper()='0010201E', arm_type='ARM'
2022-01-04 21:36:05.895 | INFO     | __main__:<module>:96 - #71, name='ISO (max overall gain)', address='02974500', length=4, default_value.hex().upper()='8959A852', arm_type='ARMFLT'
2022-01-04 21:36:05.895 | INFO     | __main__:<module>:96 - #72, name='Tuning marlin, sailfish SensorID', address='029769D8', length=4, default_value.hex().upper()='887A40B9', arm_type='ARMMANUAL'
2022-01-04 21:36:05.897 | INFO     | __main__:<module>:96 - #73, name='Tuning taimen, muskie, walleye SensorID', address='02976AE0', length=4, default_value.hex().upper()='887A40B9', arm_type='ARMMANUAL'
2022-01-04 21:36:05.899 | INFO     | __main__:<module>:96 - #74, name='Tuning crosshatch, blueline SensorID', address='02976D14', length=4, default_value.hex().upper()='887A40B9', arm_type='ARMMANUAL'
2022-01-04 21:36:05.900 | INFO     | __main__:<module>:96 - #75, name='Tuning sargo, bonito SensorID', address='02976E64', length=4, default_value.hex().upper()='887A40B9', arm_type='ARMMANUAL'
2022-01-04 21:36:05.901 | INFO     | __main__:<module>:96 - #76, name='Tuning coral, flame, needlefish SensorID', address='02977230', length=4, default_value.hex().upper()='887A40B9', arm_type='ARMMANUAL'
2022-01-04 21:36:05.903 | INFO     | __main__:<module>:96 - #77, name='Tuning sunfish SensorID', address='029774FC', length=4, default_value.hex().upper()='887A40B9', arm_type='ARMMANUAL'
2022-01-04 21:36:05.904 | INFO     | __main__:<module>:96 - #78, name='Tuning redfin, bramble, whitefin SensorID', address='029776C0', length=4, default_value.hex().upper()='977A40B9', arm_type='ARMMANUAL'
2022-01-04 21:36:05.905 | INFO     | __main__:<module>:96 - #79, name='Tuning slider, raven, oriole SensorID', address='02977D64', length=4, default_value.hex().upper()='977A40B9', arm_type='ARMMANUAL'
2022-01-04 21:36:05.907 | INFO     | __main__:<module>:96 - #80, name='Tuning barbet SensorID', address='02978660', length=4, default_value.hex().upper()='887A40B9', arm_type='ARMMANUAL'
2022-01-04 21:36:05.908 | INFO     | __main__:<module>:96 - #81, name='Tuning pipit SensorID', address='0297911C', length=4, default_value.hex().upper()='887A40B9', arm_type='ARMMANUAL'
2022-01-04 21:36:05.909 | INFO     | __main__:<module>:96 - #82, name='Tuning Night Mode Gain Multiplier', address='02979B50', length=4, default_value.hex().upper()='0814A852', arm_type='ARMFLT'
2022-01-04 21:36:05.910 | INFO     | __main__:<module>:96 - #83, name='Exposition (max hdr ratio) 1', address='02979D40', length=4, default_value.hex().upper()='E931A872', arm_type='ARMFLT'
2022-01-04 21:36:05.911 | INFO     | __main__:<module>:96 - #84, name='Exposition (max hdr ratio)', address='02979D48', length=4, default_value.hex().upper()='00F0241E', arm_type='ARM'
2022-01-04 21:36:05.913 | INFO     | __main__:<module>:96 - #85, name='Exposition (max hdr ratio) 2', address='02979D4C', length=4, default_value.hex().upper()='8A22A872', arm_type='ARMFLT'
2022-01-04 21:36:05.915 | INFO     | __main__:<module>:96 - #86, name='CG2 Blue correction', address='0297BA2C', length=4, default_value.hex().upper()='29EAA772', arm_type='ARMFLT'
2022-01-04 21:36:05.917 | INFO     | __main__:<module>:96 - #87, name='Expo comp', address='02987E28', length=4, default_value.hex().upper()='1870A772', arm_type='ARMFLT'
2022-01-04 21:36:05.919 | INFO     | __main__:<module>:96 - #88, name='HDR range minus', address='029884AC', length=4, default_value.hex().upper()='02103E1E', arm_type='ARM'
2022-01-04 21:36:05.920 | INFO     | __main__:<module>:96 - #89, name='HDR range plus', address='029884B8', length=4, default_value.hex().upper()='0230241E', arm_type='ARM'
2022-01-04 21:36:05.921 | INFO     | __main__:<module>:96 - #90, name='LDR', address='0299CF40', length=4, default_value.hex().upper()='0008621E', arm_type='ARMRPL'
2022-01-04 21:36:05.922 | INFO     | __main__:<module>:96 - #91, name='HDR softness', address='0299D610', length=4, default_value.hex().upper()='F615E8F2', arm_type='ARMFLT'
2022-01-04 21:36:05.924 | INFO     | __main__:<module>:96 - #92, name='TET factor tuning', address='02A5D620', length=4, default_value.hex().upper()='2168291E', arm_type='ARMRPL'
2022-01-04 21:36:05.925 | INFO     | __main__:<module>:96 - #93, name='JPG quality', address='02A81A1C', length=4, default_value.hex().upper()='F503002A', arm_type='ARMMANUAL'
2022-01-04 21:36:05.927 | INFO     | __main__:<module>:96 - #94, name='Sharp depth 1', address='02B9832C', length=4, default_value.hex().upper()='03102C1E', arm_type='ARM'
2022-01-04 21:36:05.928 | INFO     | __main__:<module>:96 - #95, name='Sharp depth 2', address='02B98330', length=4, default_value.hex().upper()='04102E1E', arm_type='ARM'
2022-01-04 21:36:05.930 | INFO     | __main__:<module>:96 - #96, name='Lut noise fix', address='02C9EEC4', length=4, default_value.hex().upper()='0CC0211E', arm_type='ARMRPL'
2022-01-04 21:36:05.931 | INFO     | __main__:<module>:96 - #97, name='Better color wiener', address='02CF41A8', length=4, default_value.hex().upper()='01106E1E', arm_type='ARM'
2022-01-04 21:36:05.932 | INFO     | __main__:<module>:96 - #98, name='Luma noise', address='02CF7040', length=4, default_value.hex().upper()='00F6034F', arm_type='ARM'
2022-01-04 21:36:05.933 | INFO     | __main__:<module>:96 - #99, name='Better color wiener', address='02CF41A8', length=4, default_value.hex().upper()='01106E1E', arm_type='ARM'
2022-01-04 21:36:05.935 | INFO     | __main__:<module>:96 - #100, name='Luma noise', address='02CF7040', length=4, default_value.hex().upper()='00F6034F', arm_type='ARM'
